  adt_vector.c
  adt_list.c
  adt_dllist.c
  adt_memory_node.c
  comparative.c
D:\Asignaturas\Algoritmos\2ALG_TA_ochandoca_maestrequi\src\adt_vector.c(450,21): warning C4018: '<': no coinciden signed/unsigned
D:\Asignaturas\Algoritmos\2ALG_TA_ochandoca_maestrequi\src\adt_vector.c(450,21): warning C4018:   for (u32 i = 0; i < (vector->capacity_ + vector_src->capacity_); i++){
D:\Asignaturas\Algoritmos\2ALG_TA_ochandoca_maestrequi\src\adt_vector.c(450,21): warning C4018:                     ^
D:\Asignaturas\Algoritmos\2ALG_TA_ochandoca_maestrequi\src\adt_vector.c(491,16): warning C4098: 'VECTOR_print': función 'void' que devuelve un valor
D:\Asignaturas\Algoritmos\2ALG_TA_ochandoca_maestrequi\src\adt_vector.c(491,16): warning C4098:     return NULL;
D:\Asignaturas\Algoritmos\2ALG_TA_ochandoca_maestrequi\src\adt_vector.c(491,16): warning C4098:                ^
D:\Asignaturas\Algoritmos\2ALG_TA_ochandoca_maestrequi\src\adt_vector.c(494,16): warning C4098: 'VECTOR_print': función 'void' que devuelve un valor
D:\Asignaturas\Algoritmos\2ALG_TA_ochandoca_maestrequi\src\adt_vector.c(494,16): warning C4098:     return NULL;
D:\Asignaturas\Algoritmos\2ALG_TA_ochandoca_maestrequi\src\adt_vector.c(494,16): warning C4098:                ^
D:\Asignaturas\Algoritmos\2ALG_TA_ochandoca_maestrequi\src\adt_list.c(166,33): warning C4028: parámetro formal 2 distinto de la declaración
D:\Asignaturas\Algoritmos\2ALG_TA_ochandoca_maestrequi\src\adt_list.c(166,33): warning C4028: s16 List_resize(List *list, u32 new_size){ // Checked
D:\Asignaturas\Algoritmos\2ALG_TA_ochandoca_maestrequi\src\adt_list.c(166,33): warning C4028:                                 ^
D:\Asignaturas\Algoritmos\2ALG_TA_ochandoca_maestrequi\src\adt_list.c(177,29): warning C4244: '=': conversión de 'u32' a 'u16'; posible pérdida de datos
D:\Asignaturas\Algoritmos\2ALG_TA_ochandoca_maestrequi\src\adt_list.c(177,29): warning C4244:   list->capacity_ = new_size;
D:\Asignaturas\Algoritmos\2ALG_TA_ochandoca_maestrequi\src\adt_list.c(177,29): warning C4244:                             ^
D:\Asignaturas\Algoritmos\2ALG_TA_ochandoca_maestrequi\src\adt_dllist.c(107,15): warning C4189: 'next': la variable local se ha inicializado pero no se hace referencia a ella
D:\Asignaturas\Algoritmos\2ALG_TA_ochandoca_maestrequi\src\adt_dllist.c(107,15): warning C4189:   MemoryNode *next = current->previous_;
D:\Asignaturas\Algoritmos\2ALG_TA_ochandoca_maestrequi\src\adt_dllist.c(107,15): warning C4189:               ^
D:\Asignaturas\Algoritmos\2ALG_TA_ochandoca_maestrequi\src\adt_dllist.c(224,31): warning C4245: 'return': conversión de 'int' en 'u16'; no coinciden signed/unsigned
D:\Asignaturas\Algoritmos\2ALG_TA_ochandoca_maestrequi\src\adt_dllist.c(224,31): warning C4245:     return kErrorCode_ListNULL;
D:\Asignaturas\Algoritmos\2ALG_TA_ochandoca_maestrequi\src\adt_dllist.c(224,31): warning C4245:                               ^
D:\Asignaturas\Algoritmos\2ALG_TA_ochandoca_maestrequi\src\adt_dllist.c(234,31): warning C4245: 'return': conversión de 'int' en 'u16'; no coinciden signed/unsigned
D:\Asignaturas\Algoritmos\2ALG_TA_ochandoca_maestrequi\src\adt_dllist.c(234,31): warning C4245:     return kErrorCode_ListNULL;
D:\Asignaturas\Algoritmos\2ALG_TA_ochandoca_maestrequi\src\adt_dllist.c(234,31): warning C4245:                               ^
D:\Asignaturas\Algoritmos\2ALG_TA_ochandoca_maestrequi\src\adt_list.c(405,27): warning C4047: 'return': 'void *' es distinto en los niveles de direccionamiento indirecto de 'int'
D:\Asignaturas\Algoritmos\2ALG_TA_ochandoca_maestrequi\src\adt_list.c(405,27): warning C4047:     return kErrorCode_NULL;
D:\Asignaturas\Algoritmos\2ALG_TA_ochandoca_maestrequi\src\adt_list.c(405,27): warning C4047:                           ^
D:\Asignaturas\Algoritmos\2ALG_TA_ochandoca_maestrequi\src\adt_dllist.c(269,31): warning C4047: 'return': 'void *' es distinto en los niveles de direccionamiento indirecto de 'int'
D:\Asignaturas\Algoritmos\2ALG_TA_ochandoca_maestrequi\src\adt_dllist.c(269,31): warning C4047:     return kErrorCode_ListNULL;
D:\Asignaturas\Algoritmos\2ALG_TA_ochandoca_maestrequi\src\adt_dllist.c(269,31): warning C4047:                               ^
D:\Asignaturas\Algoritmos\2ALG_TA_ochandoca_maestrequi\src\adt_list.c(522,40): warning C4244: 'función': conversión de 'u32' a 'u16'; posible pérdida de datos
D:\Asignaturas\Algoritmos\2ALG_TA_ochandoca_maestrequi\src\adt_list.c(522,40): warning C4244:   list->ops_->resize(list, new_capacity);
D:\Asignaturas\Algoritmos\2ALG_TA_ochandoca_maestrequi\src\adt_list.c(522,40): warning C4244:                                        ^
D:\Asignaturas\Algoritmos\2ALG_TA_ochandoca_maestrequi\src\adt_dllist.c(288,31): warning C4047: 'return': 'void *' es distinto en los niveles de direccionamiento indirecto de 'int'
D:\Asignaturas\Algoritmos\2ALG_TA_ochandoca_maestrequi\src\adt_dllist.c(288,31): warning C4047:     return kErrorCode_ListNULL;
D:\Asignaturas\Algoritmos\2ALG_TA_ochandoca_maestrequi\src\adt_dllist.c(288,31): warning C4047:                               ^
D:\Asignaturas\Algoritmos\2ALG_TA_ochandoca_maestrequi\src\adt_list.c(528,42): warning C4244: 'función': conversión de 'u32' a 'u16'; posible pérdida de datos
D:\Asignaturas\Algoritmos\2ALG_TA_ochandoca_maestrequi\src\adt_list.c(528,42): warning C4244:     current = List_atInternal(list_src, i);
D:\Asignaturas\Algoritmos\2ALG_TA_ochandoca_maestrequi\src\adt_list.c(528,42): warning C4244:                                          ^
D:\Asignaturas\Algoritmos\2ALG_TA_ochandoca_maestrequi\src\adt_dllist.c(312,31): warning C4047: 'return': 'void *' es distinto en los niveles de direccionamiento indirecto de 'int'
D:\Asignaturas\Algoritmos\2ALG_TA_ochandoca_maestrequi\src\adt_dllist.c(312,31): warning C4047:     return kErrorCode_ListNULL;
D:\Asignaturas\Algoritmos\2ALG_TA_ochandoca_maestrequi\src\adt_dllist.c(312,31): warning C4047:                               ^
D:\Asignaturas\Algoritmos\2ALG_TA_ochandoca_maestrequi\src\adt_dllist.c(448,21): warning C4018: '<': no coinciden signed/unsigned
D:\Asignaturas\Algoritmos\2ALG_TA_ochandoca_maestrequi\src\adt_dllist.c(448,21): warning C4018:   for (u32 i = 0; i < position - 1; i++)
D:\Asignaturas\Algoritmos\2ALG_TA_ochandoca_maestrequi\src\adt_dllist.c(448,21): warning C4018:                     ^
D:\Asignaturas\Algoritmos\2ALG_TA_ochandoca_maestrequi\src\adt_dllist.c(484,15): warning C4189: 'node': la variable local se ha inicializado pero no se hace referencia a ella
D:\Asignaturas\Algoritmos\2ALG_TA_ochandoca_maestrequi\src\adt_dllist.c(484,15): warning C4189:   MemoryNode* node = NULL;
D:\Asignaturas\Algoritmos\2ALG_TA_ochandoca_maestrequi\src\adt_dllist.c(484,15): warning C4189:               ^
D:\Asignaturas\Algoritmos\2ALG_TA_ochandoca_maestrequi\src\adt_memory_node.c(35,1): warning C4057: 'inicializando': 's16 (__cdecl *)(MemoryNode *,void *,u16)' tiene un direccionamiento indirecto distinto de 'u16 (__cdecl *)(MemoryNode *,void *,u16)' para tipos base parecidos
D:\Asignaturas\Algoritmos\2ALG_TA_ochandoca_maestrequi\src\adt_memory_node.c(35,1): warning C4057: struct memory_node_ops_s memory_node_ops = { .data = MEMNODE_data,
D:\Asignaturas\Algoritmos\2ALG_TA_ochandoca_maestrequi\src\adt_memory_node.c(35,1): warning C4057: ^
D:\Asignaturas\Algoritmos\2ALG_TA_ochandoca_maestrequi\src\adt_memory_node.c(260,62): warning C4142: 'MEMNODE_memConcat': nueva definición de tipo sin efecto
D:\Asignaturas\Algoritmos\2ALG_TA_ochandoca_maestrequi\src\adt_memory_node.c(260,62): warning C4142: s16 MEMNODE_memConcat(MemoryNode *node, void *src, u16 bytes){
D:\Asignaturas\Algoritmos\2ALG_TA_ochandoca_maestrequi\src\adt_memory_node.c(260,62): warning C4142:                                                              ^
D:\Asignaturas\Algoritmos\2ALG_TA_ochandoca_maestrequi\src\adt_memory_node.c(27): message : vea la declaración de 'MEMNODE_memConcat'
D:\Asignaturas\Algoritmos\2ALG_TA_ochandoca_maestrequi\src\adt_memory_node.c(27): message : static u16 MEMNODE_memConcat(MemoryNode *node, void *src, u16 bytes);
D:\Asignaturas\Algoritmos\2ALG_TA_ochandoca_maestrequi\src\adt_memory_node.c(322,37): warning C4098: 'MEMNODE_print': función 'void' que devuelve un valor
D:\Asignaturas\Algoritmos\2ALG_TA_ochandoca_maestrequi\src\adt_memory_node.c(322,37): warning C4098:     return kErrorCode_MemoryNodeNULL;
D:\Asignaturas\Algoritmos\2ALG_TA_ochandoca_maestrequi\src\adt_memory_node.c(322,37): warning C4098:                                     ^
D:\Asignaturas\Algoritmos\2ALG_TA_ochandoca_maestrequi\src\adt_dllist.c(500): warning C4702: no se puede tener acceso al código
D:\Asignaturas\Algoritmos\2ALG_TA_ochandoca_maestrequi\tests\comparative.c(101,42): warning C4459: la declaración de 'v' oculta la declaración global
D:\Asignaturas\Algoritmos\2ALG_TA_ochandoca_maestrequi\tests\comparative.c(101,42): warning C4459: void FillVector(Vector *v, void* dataF[]){
D:\Asignaturas\Algoritmos\2ALG_TA_ochandoca_maestrequi\tests\comparative.c(101,42): warning C4459:                                          ^
D:\Asignaturas\Algoritmos\2ALG_TA_ochandoca_maestrequi\tests\comparative.c(30,9): message : vea la declaración de 'v'
D:\Asignaturas\Algoritmos\2ALG_TA_ochandoca_maestrequi\tests\comparative.c(30,9): message : Vector *v = NULL;
D:\Asignaturas\Algoritmos\2ALG_TA_ochandoca_maestrequi\tests\comparative.c(30,9): message :         ^
D:\Asignaturas\Algoritmos\2ALG_TA_ochandoca_maestrequi\tests\comparative.c(303,20): warning C4018: '<': no coinciden signed/unsigned
D:\Asignaturas\Algoritmos\2ALG_TA_ochandoca_maestrequi\tests\comparative.c(303,20): warning C4018: 	for (u32 i = 0; i < capacity*2; i++) {
D:\Asignaturas\Algoritmos\2ALG_TA_ochandoca_maestrequi\tests\comparative.c(303,20): warning C4018: 	                  ^
D:\Asignaturas\Algoritmos\2ALG_TA_ochandoca_maestrequi\tests\comparative.c(438,20): warning C4018: '<': no coinciden signed/unsigned
D:\Asignaturas\Algoritmos\2ALG_TA_ochandoca_maestrequi\tests\comparative.c(438,20): warning C4018: 	for (u32 i = 0; i < capacity*2; i++) {
D:\Asignaturas\Algoritmos\2ALG_TA_ochandoca_maestrequi\tests\comparative.c(438,20): warning C4018: 	                  ^
D:\Asignaturas\Algoritmos\2ALG_TA_ochandoca_maestrequi\tests\comparative.c(574,19): warning C4018: '<': no coinciden signed/unsigned
D:\Asignaturas\Algoritmos\2ALG_TA_ochandoca_maestrequi\tests\comparative.c(574,19): warning C4018: for (u32 i = 0; i < capacity*2; i++) {
D:\Asignaturas\Algoritmos\2ALG_TA_ochandoca_maestrequi\tests\comparative.c(574,19): warning C4018:                   ^
D:\Asignaturas\Algoritmos\2ALG_TA_ochandoca_maestrequi\tests\comparative.c(587,18): warning C4244: 'función': conversión de 'time_t' a 'unsigned int'; posible pérdida de datos
D:\Asignaturas\Algoritmos\2ALG_TA_ochandoca_maestrequi\tests\comparative.c(587,18): warning C4244: 	srand(time(NULL));
D:\Asignaturas\Algoritmos\2ALG_TA_ochandoca_maestrequi\tests\comparative.c(587,18): warning C4244: 	                ^
D:\Asignaturas\Algoritmos\2ALG_TA_ochandoca_maestrequi\tests\comparative.c(586,27): warning C4100: 'argv': parámetro formal sin referencia
D:\Asignaturas\Algoritmos\2ALG_TA_ochandoca_maestrequi\tests\comparative.c(586,27): warning C4100: int main(int argc, char** argv) {
D:\Asignaturas\Algoritmos\2ALG_TA_ochandoca_maestrequi\tests\comparative.c(586,27): warning C4100:                           ^
D:\Asignaturas\Algoritmos\2ALG_TA_ochandoca_maestrequi\tests\comparative.c(586,14): warning C4100: 'argc': parámetro formal sin referencia
D:\Asignaturas\Algoritmos\2ALG_TA_ochandoca_maestrequi\tests\comparative.c(586,14): warning C4100: int main(int argc, char** argv) {
D:\Asignaturas\Algoritmos\2ALG_TA_ochandoca_maestrequi\tests\comparative.c(586,14): warning C4100:              ^
EDK_MemoryManager_Windows_d.lib(edk_memory_manager.obj) : warning LNK4099: no se encontró PDB 'EDK_MemoryManager_Windows_d.pdb' con 'EDK_MemoryManager_Windows_d.lib(edk_memory_manager.obj)' o en 'D:\Asignaturas\Algoritmos\2ALG_TA_ochandoca_maestrequi\bin\Debug\x32\EDK_MemoryManager_Windows_d.pdb'; se vinculará el objeto sin tener en cuenta información de depuración
  PR11_Comparative.vcxproj -> D:\Asignaturas\Algoritmos\2ALG_TA_ochandoca_maestrequi\bin\Debug\x32\PR11_Comparative_d.exe
