  adt_movable_vector.c
  test_movable_vector.c
  adt_memory_node.c
D:\Asignaturas\Algoritmos\2ALG_TA_ochandoca_maestrequi\src\adt_movable_vector.c(393,27): warning C4244: '=': conversión de 'u32' a 'u16'; posible pérdida de datos
D:\Asignaturas\Algoritmos\2ALG_TA_ochandoca_maestrequi\src\adt_movable_vector.c(393,27): warning C4244:   vector->head_ = new_head;
D:\Asignaturas\Algoritmos\2ALG_TA_ochandoca_maestrequi\src\adt_movable_vector.c(393,27): warning C4244:                           ^
D:\Asignaturas\Algoritmos\2ALG_TA_ochandoca_maestrequi\src\adt_movable_vector.c(459,1): warning C4244: 'inicializando': conversión de 's32' a 's16'; posible pérdida de datos
D:\Asignaturas\Algoritmos\2ALG_TA_ochandoca_maestrequi\src\adt_movable_vector.c(459,1): warning C4244:   s16 right_distance = (vector->tail_ - 1) - real_position;
D:\Asignaturas\Algoritmos\2ALG_TA_ochandoca_maestrequi\src\adt_movable_vector.c(459,1): warning C4244: ^
D:\Asignaturas\Algoritmos\2ALG_TA_ochandoca_maestrequi\src\adt_movable_vector.c(460,1): warning C4244: 'inicializando': conversión de 'int' a 's16'; posible pérdida de datos
D:\Asignaturas\Algoritmos\2ALG_TA_ochandoca_maestrequi\src\adt_movable_vector.c(460,1): warning C4244:   s16 left_distance = real_position - vector->head_;
D:\Asignaturas\Algoritmos\2ALG_TA_ochandoca_maestrequi\src\adt_movable_vector.c(460,1): warning C4244: ^
D:\Asignaturas\Algoritmos\2ALG_TA_ochandoca_maestrequi\src\adt_movable_vector.c(700,16): warning C4098: 'MVECTOR_print': función 'void' que devuelve un valor
D:\Asignaturas\Algoritmos\2ALG_TA_ochandoca_maestrequi\src\adt_movable_vector.c(700,16): warning C4098:     return NULL;
D:\Asignaturas\Algoritmos\2ALG_TA_ochandoca_maestrequi\src\adt_movable_vector.c(700,16): warning C4098:                ^
D:\Asignaturas\Algoritmos\2ALG_TA_ochandoca_maestrequi\src\adt_movable_vector.c(703,16): warning C4098: 'MVECTOR_print': función 'void' que devuelve un valor
D:\Asignaturas\Algoritmos\2ALG_TA_ochandoca_maestrequi\src\adt_movable_vector.c(703,16): warning C4098:     return NULL;
D:\Asignaturas\Algoritmos\2ALG_TA_ochandoca_maestrequi\src\adt_movable_vector.c(703,16): warning C4098:                ^
D:\Asignaturas\Algoritmos\2ALG_TA_ochandoca_maestrequi\src\adt_memory_node.c(35,1): warning C4057: 'inicializando': 's16 (__cdecl *)(MemoryNode *,void *,u16)' tiene un direccionamiento indirecto distinto de 'u16 (__cdecl *)(MemoryNode *,void *,u16)' para tipos base parecidos
D:\Asignaturas\Algoritmos\2ALG_TA_ochandoca_maestrequi\src\adt_memory_node.c(35,1): warning C4057: struct memory_node_ops_s memory_node_ops = { .data = MEMNODE_data,
D:\Asignaturas\Algoritmos\2ALG_TA_ochandoca_maestrequi\src\adt_memory_node.c(35,1): warning C4057: ^
D:\Asignaturas\Algoritmos\2ALG_TA_ochandoca_maestrequi\tests\test_base.c(63,45): warning C4244: '=': conversión de 'int' a 'u8'; posible pérdida de datos
D:\Asignaturas\Algoritmos\2ALG_TA_ochandoca_maestrequi\tests\test_base.c(63,45): warning C4244: 		*runner = char_from + (i % kMaxAsciiChars);
D:\Asignaturas\Algoritmos\2ALG_TA_ochandoca_maestrequi\tests\test_base.c(63,45): warning C4244: 		                                          ^ (compilando archivo de origen ..\..\..\tests\test_movable_vector.c)
D:\Asignaturas\Algoritmos\2ALG_TA_ochandoca_maestrequi\tests\test_base.c(72,26): warning C4057: 'función': 'const char *' tiene un direccionamiento indirecto distinto de 'u8 *' para tipos base parecidos
D:\Asignaturas\Algoritmos\2ALG_TA_ochandoca_maestrequi\tests\test_base.c(72,26): warning C4057: 	u16 size = strlen(string) + 1;
D:\Asignaturas\Algoritmos\2ALG_TA_ochandoca_maestrequi\tests\test_base.c(72,26): warning C4057: 	                        ^ (compilando archivo de origen ..\..\..\tests\test_movable_vector.c)
D:\Asignaturas\Algoritmos\2ALG_TA_ochandoca_maestrequi\tests\test_base.c(76,21): warning C4057: 'función': 'const char *' tiene un direccionamiento indirecto distinto de 'u8 *' para tipos base parecidos
D:\Asignaturas\Algoritmos\2ALG_TA_ochandoca_maestrequi\tests\test_base.c(76,21): warning C4057: 	strcpy(data, string);
D:\Asignaturas\Algoritmos\2ALG_TA_ochandoca_maestrequi\tests\test_base.c(76,21): warning C4057: 	                   ^ (compilando archivo de origen ..\..\..\tests\test_movable_vector.c)
D:\Asignaturas\Algoritmos\2ALG_TA_ochandoca_maestrequi\src\adt_memory_node.c(260,62): warning C4142: 'MEMNODE_memConcat': nueva definición de tipo sin efecto
D:\Asignaturas\Algoritmos\2ALG_TA_ochandoca_maestrequi\src\adt_memory_node.c(260,62): warning C4142: s16 MEMNODE_memConcat(MemoryNode *node, void *src, u16 bytes){
D:\Asignaturas\Algoritmos\2ALG_TA_ochandoca_maestrequi\src\adt_memory_node.c(260,62): warning C4142:                                                              ^
D:\Asignaturas\Algoritmos\2ALG_TA_ochandoca_maestrequi\src\adt_memory_node.c(27): message : vea la declaración de 'MEMNODE_memConcat'
D:\Asignaturas\Algoritmos\2ALG_TA_ochandoca_maestrequi\src\adt_memory_node.c(27): message : static u16 MEMNODE_memConcat(MemoryNode *node, void *src, u16 bytes);
D:\Asignaturas\Algoritmos\2ALG_TA_ochandoca_maestrequi\tests\test_base.c(72,1): warning C4267: 'inicializando': conversión de 'size_t' a 'u16'; posible pérdida de datos
D:\Asignaturas\Algoritmos\2ALG_TA_ochandoca_maestrequi\tests\test_base.c(72,1): warning C4267: 	u16 size = strlen(string) + 1;
D:\Asignaturas\Algoritmos\2ALG_TA_ochandoca_maestrequi\tests\test_base.c(72,1): warning C4267: ^ (compilando archivo de origen ..\..\..\tests\test_movable_vector.c)
D:\Asignaturas\Algoritmos\2ALG_TA_ochandoca_maestrequi\src\adt_memory_node.c(322,37): warning C4098: 'MEMNODE_print': función 'void' que devuelve un valor
D:\Asignaturas\Algoritmos\2ALG_TA_ochandoca_maestrequi\src\adt_memory_node.c(322,37): warning C4098:     return kErrorCode_MemoryNodeNULL;
D:\Asignaturas\Algoritmos\2ALG_TA_ochandoca_maestrequi\src\adt_memory_node.c(322,37): warning C4098:                                     ^
D:\Asignaturas\Algoritmos\2ALG_TA_ochandoca_maestrequi\tests\test_base.c(84,2): warning C4996: 'itoa': The POSIX name for this item is deprecated. Instead, use the ISO C and C++ conformant name: _itoa. See online help for details.
D:\Asignaturas\Algoritmos\2ALG_TA_ochandoca_maestrequi\tests\test_base.c(84,2): warning C4996: 	itoa(value, data, 10);
D:\Asignaturas\Algoritmos\2ALG_TA_ochandoca_maestrequi\tests\test_base.c(84,2): warning C4996: 	^ (compilando archivo de origen ..\..\..\tests\test_movable_vector.c)
D:\Asignaturas\Algoritmos\2ALG_TA_ochandoca_maestrequi\tests\test_base.c(134,45): warning C4057: 'función': 'const char *' tiene un direccionamiento indirecto distinto de 'u8 *' para tipos base parecidos
D:\Asignaturas\Algoritmos\2ALG_TA_ochandoca_maestrequi\tests\test_base.c(134,45): warning C4057: 	strcpy(TestData.single_ptr_data_4, abgs_msg);
D:\Asignaturas\Algoritmos\2ALG_TA_ochandoca_maestrequi\tests\test_base.c(134,45): warning C4057: 	                                           ^ (compilando archivo de origen ..\..\..\tests\test_movable_vector.c)
D:\Asignaturas\Algoritmos\2ALG_TA_ochandoca_maestrequi\tests\test_base.c(156,77): warning C4057: 'función': 'u8 *' tiene un direccionamiento indirecto distinto de 'char [12]' para tipos base parecidos
D:\Asignaturas\Algoritmos\2ALG_TA_ochandoca_maestrequi\tests\test_base.c(156,77): warning C4057: 	TestData.storage_ptr_test_C[0] = TESTBASE_generateDataString("\n   ABGS - ");
D:\Asignaturas\Algoritmos\2ALG_TA_ochandoca_maestrequi\tests\test_base.c(156,77): warning C4057: 	                                                                           ^ (compilando archivo de origen ..\..\..\tests\test_movable_vector.c)
D:\Asignaturas\Algoritmos\2ALG_TA_ochandoca_maestrequi\tests\test_base.c(157,95): warning C4057: 'función': 'u8 *' tiene un direccionamiento indirecto distinto de 'char [30]' para tipos base parecidos
D:\Asignaturas\Algoritmos\2ALG_TA_ochandoca_maestrequi\tests\test_base.c(157,95): warning C4057: 	TestData.storage_ptr_test_C[1] = TESTBASE_generateDataString("Artificial Bytes Game Studio\n");
D:\Asignaturas\Algoritmos\2ALG_TA_ochandoca_maestrequi\tests\test_base.c(157,95): warning C4057: 	                                                                                             ^ (compilando archivo de origen ..\..\..\tests\test_movable_vector.c)
D:\Asignaturas\Algoritmos\2ALG_TA_ochandoca_maestrequi\tests\test_base.c(158,89): warning C4057: 'función': 'u8 *' tiene un direccionamiento indirecto distinto de 'char [25]' para tipos base parecidos
D:\Asignaturas\Algoritmos\2ALG_TA_ochandoca_maestrequi\tests\test_base.c(158,89): warning C4057: 	TestData.storage_ptr_test_C[2] = TESTBASE_generateDataString("  **  Tap Pop Balloon - ");
D:\Asignaturas\Algoritmos\2ALG_TA_ochandoca_maestrequi\tests\test_base.c(158,89): warning C4057: 	                                                                                       ^ (compilando archivo de origen ..\..\..\tests\test_movable_vector.c)
D:\Asignaturas\Algoritmos\2ALG_TA_ochandoca_maestrequi\tests\test_base.c(159,82): warning C4057: 'función': 'u8 *' tiene un direccionamiento indirecto distinto de 'char [17]' para tipos base parecidos
D:\Asignaturas\Algoritmos\2ALG_TA_ochandoca_maestrequi\tests\test_base.c(159,82): warning C4057: 	TestData.storage_ptr_test_C[3] = TESTBASE_generateDataString("Combo Party  **\n");
D:\Asignaturas\Algoritmos\2ALG_TA_ochandoca_maestrequi\tests\test_base.c(159,82): warning C4057: 	                                                                                ^ (compilando archivo de origen ..\..\..\tests\test_movable_vector.c)
D:\Asignaturas\Algoritmos\2ALG_TA_ochandoca_maestrequi\tests\test_base.c(160,92): warning C4057: 'función': 'u8 *' tiene un direccionamiento indirecto distinto de 'char [28]' para tipos base parecidos
D:\Asignaturas\Algoritmos\2ALG_TA_ochandoca_maestrequi\tests\test_base.c(160,92): warning C4057: 	TestData.storage_ptr_test_C[4] = TESTBASE_generateDataString("      Available for Android");
D:\Asignaturas\Algoritmos\2ALG_TA_ochandoca_maestrequi\tests\test_base.c(160,92): warning C4057: 	                                                                                          ^ (compilando archivo de origen ..\..\..\tests\test_movable_vector.c)
D:\Asignaturas\Algoritmos\2ALG_TA_ochandoca_maestrequi\tests\test_base.c(161,75): warning C4057: 'función': 'u8 *' tiene un direccionamiento indirecto distinto de 'char [10]' para tipos base parecidos
D:\Asignaturas\Algoritmos\2ALG_TA_ochandoca_maestrequi\tests\test_base.c(161,75): warning C4057: 	TestData.storage_ptr_test_C[5] = TESTBASE_generateDataString(" and iOS\n");
D:\Asignaturas\Algoritmos\2ALG_TA_ochandoca_maestrequi\tests\test_base.c(161,75): warning C4057: 	                                                                         ^ (compilando archivo de origen ..\..\..\tests\test_movable_vector.c)
D:\Asignaturas\Algoritmos\2ALG_TA_ochandoca_maestrequi\tests\test_base.c(162,67): warning C4057: 'función': 'u8 *' tiene un direccionamiento indirecto distinto de 'char [2]' para tipos base parecidos
D:\Asignaturas\Algoritmos\2ALG_TA_ochandoca_maestrequi\tests\test_base.c(162,67): warning C4057: 	TestData.storage_ptr_test_C[6] = TESTBASE_generateDataString("\n");
D:\Asignaturas\Algoritmos\2ALG_TA_ochandoca_maestrequi\tests\test_base.c(162,67): warning C4057: 	                                                                 ^ (compilando archivo de origen ..\..\..\tests\test_movable_vector.c)
D:\Asignaturas\Algoritmos\2ALG_TA_ochandoca_maestrequi\tests\test_base.c(195,10): warning C4477: 'printf' : la cadena de formato '%s' requiere un argumento de tipo 'char *', pero el argumento variádico 3 tiene el tipo 'void *'
D:\Asignaturas\Algoritmos\2ALG_TA_ochandoca_maestrequi\tests\test_base.c(195,10): warning C4477: 		printf("TestData.storage_ptr_test_A[%d] (allocated %d bytes) = \"%s\"\n", n, (strlen(TestData.storage_ptr_test_A[n]) + 1), TestData.storage_ptr_test_A[n]);
D:\Asignaturas\Algoritmos\2ALG_TA_ochandoca_maestrequi\tests\test_base.c(195,10): warning C4477: 		       ^ (compilando archivo de origen ..\..\..\tests\test_movable_vector.c)
D:\Asignaturas\Algoritmos\2ALG_TA_ochandoca_maestrequi\tests\test_base.c(199,10): warning C4477: 'printf' : la cadena de formato '%s' requiere un argumento de tipo 'char *', pero el argumento variádico 3 tiene el tipo 'void *'
D:\Asignaturas\Algoritmos\2ALG_TA_ochandoca_maestrequi\tests\test_base.c(199,10): warning C4477: 		printf("TestData.storage_ptr_test_B[%d] (allocated %d bytes) = \"%s\"\n", n, (strlen(TestData.storage_ptr_test_B[n]) + 1), TestData.storage_ptr_test_B[n]);
D:\Asignaturas\Algoritmos\2ALG_TA_ochandoca_maestrequi\tests\test_base.c(199,10): warning C4477: 		       ^ (compilando archivo de origen ..\..\..\tests\test_movable_vector.c)
D:\Asignaturas\Algoritmos\2ALG_TA_ochandoca_maestrequi\tests\test_base.c(203,10): warning C4477: 'printf' : la cadena de formato '%s' requiere un argumento de tipo 'char *', pero el argumento variádico 3 tiene el tipo 'void *'
D:\Asignaturas\Algoritmos\2ALG_TA_ochandoca_maestrequi\tests\test_base.c(203,10): warning C4477: 		printf("TestData.storage_ptr_test_C[%d] (allocated %d bytes) = \"%s\"\n", n, (strlen(TestData.storage_ptr_test_C[n]) + 1), TestData.storage_ptr_test_C[n]);
D:\Asignaturas\Algoritmos\2ALG_TA_ochandoca_maestrequi\tests\test_base.c(203,10): warning C4477: 		       ^ (compilando archivo de origen ..\..\..\tests\test_movable_vector.c)
D:\Asignaturas\Algoritmos\2ALG_TA_ochandoca_maestrequi\tests\test_movable_vector.c(88,123): warning C4267: 'función': conversión de 'size_t' a 'u16'; posible pérdida de datos
D:\Asignaturas\Algoritmos\2ALG_TA_ochandoca_maestrequi\tests\test_movable_vector.c(88,123): warning C4267: 		error_type = v->ops_->insertFirst(vector_1, TestData.storage_ptr_test_A[i], (strlen(TestData.storage_ptr_test_A[i]) + 1));
D:\Asignaturas\Algoritmos\2ALG_TA_ochandoca_maestrequi\tests\test_movable_vector.c(88,123): warning C4267: 		                                                                                                                        ^
D:\Asignaturas\Algoritmos\2ALG_TA_ochandoca_maestrequi\tests\test_movable_vector.c(98,122): warning C4267: 'función': conversión de 'size_t' a 'u16'; posible pérdida de datos
D:\Asignaturas\Algoritmos\2ALG_TA_ochandoca_maestrequi\tests\test_movable_vector.c(98,122): warning C4267: 		error_type = v->ops_->insertLast(vector_1, TestData.storage_ptr_test_A[i], (strlen(TestData.storage_ptr_test_A[i]) + 1));
D:\Asignaturas\Algoritmos\2ALG_TA_ochandoca_maestrequi\tests\test_movable_vector.c(98,122): warning C4267: 		                                                                                                                       ^
D:\Asignaturas\Algoritmos\2ALG_TA_ochandoca_maestrequi\tests\test_movable_vector.c(109,120): warning C4267: 'función': conversión de 'size_t' a 'u16'; posible pérdida de datos
D:\Asignaturas\Algoritmos\2ALG_TA_ochandoca_maestrequi\tests\test_movable_vector.c(109,120): warning C4267: 		error_type = v->ops_->insertAt(vector_1, TestData.storage_ptr_test_B[i], (strlen(TestData.storage_ptr_test_B[i]) + 1), position);
D:\Asignaturas\Algoritmos\2ALG_TA_ochandoca_maestrequi\tests\test_movable_vector.c(109,120): warning C4267: 		                                                                                                                     ^
D:\Asignaturas\Algoritmos\2ALG_TA_ochandoca_maestrequi\tests\test_movable_vector.c(143,123): warning C4267: 'función': conversión de 'size_t' a 'u16'; posible pérdida de datos
D:\Asignaturas\Algoritmos\2ALG_TA_ochandoca_maestrequi\tests\test_movable_vector.c(143,123): warning C4267: 			error_type = v->ops_->insertLast(vector_3, TestData.storage_ptr_test_C[i], (strlen(TestData.storage_ptr_test_C[i]) + 1));
D:\Asignaturas\Algoritmos\2ALG_TA_ochandoca_maestrequi\tests\test_movable_vector.c(143,123): warning C4267: 			                                                                                                                       ^
D:\Asignaturas\Algoritmos\2ALG_TA_ochandoca_maestrequi\tests\test_movable_vector.c(169,122): warning C4267: 'función': conversión de 'size_t' a 'u16'; posible pérdida de datos
D:\Asignaturas\Algoritmos\2ALG_TA_ochandoca_maestrequi\tests\test_movable_vector.c(169,122): warning C4267: 		error_type = v->ops_->insertLast(vector_3, TestData.storage_ptr_test_C[i], (strlen(TestData.storage_ptr_test_C[i]) + 1));
D:\Asignaturas\Algoritmos\2ALG_TA_ochandoca_maestrequi\tests\test_movable_vector.c(169,122): warning C4267: 		                                                                                                                       ^
D:\Asignaturas\Algoritmos\2ALG_TA_ochandoca_maestrequi\tests\test_movable_vector.c(183,10): warning C4477: 'printf' : la cadena de formato '%s' requiere un argumento de tipo 'char *', pero el argumento variádico 1 tiene el tipo 'void *'
D:\Asignaturas\Algoritmos\2ALG_TA_ochandoca_maestrequi\tests\test_movable_vector.c(183,10): warning C4477: 		printf("extracted \"%s\" at position %d in vector_3\n", TestData.storage_ptr_test_C[position], position);
D:\Asignaturas\Algoritmos\2ALG_TA_ochandoca_maestrequi\tests\test_movable_vector.c(183,10): warning C4477: 		       ^
D:\Asignaturas\Algoritmos\2ALG_TA_ochandoca_maestrequi\tests\test_movable_vector.c(189,10): warning C4477: 'printf' : la cadena de formato '%s' requiere un argumento de tipo 'char *', pero el argumento variádico 1 tiene el tipo 'void *'
D:\Asignaturas\Algoritmos\2ALG_TA_ochandoca_maestrequi\tests\test_movable_vector.c(189,10): warning C4477: 		printf("extracted \"%s\" at position %d in vector_3\n", TestData.storage_ptr_test_C[position], 2);
D:\Asignaturas\Algoritmos\2ALG_TA_ochandoca_maestrequi\tests\test_movable_vector.c(189,10): warning C4477: 		       ^
D:\Asignaturas\Algoritmos\2ALG_TA_ochandoca_maestrequi\tests\test_movable_vector.c(195,10): warning C4477: 'printf' : la cadena de formato '%s' requiere un argumento de tipo 'char *', pero el argumento variádico 1 tiene el tipo 'void *'
D:\Asignaturas\Algoritmos\2ALG_TA_ochandoca_maestrequi\tests\test_movable_vector.c(195,10): warning C4477: 		printf("extracted \"%s\" at position %d in vector_3\n", TestData.storage_ptr_test_C[position], 2);
D:\Asignaturas\Algoritmos\2ALG_TA_ochandoca_maestrequi\tests\test_movable_vector.c(195,10): warning C4477: 		       ^
D:\Asignaturas\Algoritmos\2ALG_TA_ochandoca_maestrequi\tests\test_movable_vector.c(207,11): warning C4477: 'printf' : la cadena de formato '%s' requiere un argumento de tipo 'char *', pero el argumento variádico 1 tiene el tipo 'void *'
D:\Asignaturas\Algoritmos\2ALG_TA_ochandoca_maestrequi\tests\test_movable_vector.c(207,11): warning C4477: 			printf("extracted \"%s\" at first position in vector_3\n", TestData.storage_ptr_test_C[i]);
D:\Asignaturas\Algoritmos\2ALG_TA_ochandoca_maestrequi\tests\test_movable_vector.c(207,11): warning C4477: 			       ^
D:\Asignaturas\Algoritmos\2ALG_TA_ochandoca_maestrequi\tests\test_movable_vector.c(218,11): warning C4477: 'printf' : la cadena de formato '%s' requiere un argumento de tipo 'char *', pero el argumento variádico 1 tiene el tipo 'void *'
D:\Asignaturas\Algoritmos\2ALG_TA_ochandoca_maestrequi\tests\test_movable_vector.c(218,11): warning C4477: 			printf("extracted \"%s\" at last position in vector_3\n", TestData.storage_ptr_test_C[i]);
D:\Asignaturas\Algoritmos\2ALG_TA_ochandoca_maestrequi\tests\test_movable_vector.c(218,11): warning C4477: 			       ^
D:\Asignaturas\Algoritmos\2ALG_TA_ochandoca_maestrequi\tests\test_movable_vector.c(244,122): warning C4267: 'función': conversión de 'size_t' a 'u16'; posible pérdida de datos
D:\Asignaturas\Algoritmos\2ALG_TA_ochandoca_maestrequi\tests\test_movable_vector.c(244,122): warning C4267: 		error_type = v->ops_->insertLast(vector_3, TestData.storage_ptr_test_C[i], (strlen(TestData.storage_ptr_test_C[i]) + 1));
D:\Asignaturas\Algoritmos\2ALG_TA_ochandoca_maestrequi\tests\test_movable_vector.c(244,122): warning C4267: 		                                                                                                                       ^
D:\Asignaturas\Algoritmos\2ALG_TA_ochandoca_maestrequi\tests\test_movable_vector.c(257,10): warning C4477: 'printf' : la cadena de formato '%s' requiere un argumento de tipo 'char *', pero el argumento variádico 1 tiene el tipo 'void *'
D:\Asignaturas\Algoritmos\2ALG_TA_ochandoca_maestrequi\tests\test_movable_vector.c(257,10): warning C4477: 		printf("First in vector_1: \"%s\"\n", data);
D:\Asignaturas\Algoritmos\2ALG_TA_ochandoca_maestrequi\tests\test_movable_vector.c(257,10): warning C4477: 		       ^
D:\Asignaturas\Algoritmos\2ALG_TA_ochandoca_maestrequi\tests\test_movable_vector.c(266,10): warning C4477: 'printf' : la cadena de formato '%s' requiere un argumento de tipo 'char *', pero el argumento variádico 2 tiene el tipo 'void *'
D:\Asignaturas\Algoritmos\2ALG_TA_ochandoca_maestrequi\tests\test_movable_vector.c(266,10): warning C4477: 		printf("At in vector_3 (position %d): \"%s\"\n", position, data);
D:\Asignaturas\Algoritmos\2ALG_TA_ochandoca_maestrequi\tests\test_movable_vector.c(266,10): warning C4477: 		       ^
D:\Asignaturas\Algoritmos\2ALG_TA_ochandoca_maestrequi\tests\test_movable_vector.c(274,10): warning C4477: 'printf' : la cadena de formato '%s' requiere un argumento de tipo 'char *', pero el argumento variádico 1 tiene el tipo 'void *'
D:\Asignaturas\Algoritmos\2ALG_TA_ochandoca_maestrequi\tests\test_movable_vector.c(274,10): warning C4477: 		printf("Last in vector_1: \"%s\"\n", data);
D:\Asignaturas\Algoritmos\2ALG_TA_ochandoca_maestrequi\tests\test_movable_vector.c(274,10): warning C4477: 		       ^
D:\Asignaturas\Algoritmos\2ALG_TA_ochandoca_maestrequi\tests\test_movable_vector.c(311,10): warning C4477: 'printf' : la cadena de formato '%s' requiere un argumento de tipo 'char *', pero el argumento variádico 1 tiene el tipo 'void *'
D:\Asignaturas\Algoritmos\2ALG_TA_ochandoca_maestrequi\tests\test_movable_vector.c(311,10): warning C4477: 		printf("ERROR: First in vector_3: \"%s\"\n", data);
D:\Asignaturas\Algoritmos\2ALG_TA_ochandoca_maestrequi\tests\test_movable_vector.c(311,10): warning C4477: 		       ^
D:\Asignaturas\Algoritmos\2ALG_TA_ochandoca_maestrequi\tests\test_movable_vector.c(320,10): warning C4477: 'printf' : la cadena de formato '%s' requiere un argumento de tipo 'char *', pero el argumento variádico 2 tiene el tipo 'void *'
D:\Asignaturas\Algoritmos\2ALG_TA_ochandoca_maestrequi\tests\test_movable_vector.c(320,10): warning C4477: 		printf("ERROR: At in vector_3 (position %d): \"%s\"\n", position, data);
D:\Asignaturas\Algoritmos\2ALG_TA_ochandoca_maestrequi\tests\test_movable_vector.c(320,10): warning C4477: 		       ^
D:\Asignaturas\Algoritmos\2ALG_TA_ochandoca_maestrequi\tests\test_movable_vector.c(328,10): warning C4477: 'printf' : la cadena de formato '%s' requiere un argumento de tipo 'char *', pero el argumento variádico 1 tiene el tipo 'void *'
D:\Asignaturas\Algoritmos\2ALG_TA_ochandoca_maestrequi\tests\test_movable_vector.c(328,10): warning C4477: 		printf("ERROR: Last in vector_3: \"%s\"\n", data);
D:\Asignaturas\Algoritmos\2ALG_TA_ochandoca_maestrequi\tests\test_movable_vector.c(328,10): warning C4477: 		       ^
EDK_MemoryManager_Windows_d.lib(edk_memory_manager.obj) : warning LNK4099: no se encontró PDB 'EDK_MemoryManager_Windows_d.pdb' con 'EDK_MemoryManager_Windows_d.lib(edk_memory_manager.obj)' o en 'D:\Asignaturas\Algoritmos\2ALG_TA_ochandoca_maestrequi\bin\Debug\x32\EDK_MemoryManager_Windows_d.pdb'; se vinculará el objeto sin tener en cuenta información de depuración
  PR03_MovableVector.vcxproj -> D:\Asignaturas\Algoritmos\2ALG_TA_ochandoca_maestrequi\bin\Debug\x32\PR03_MovableVector_d.exe
