  comparative.cc
D:\Asignaturas\Algoritmos\2ALG_TA_ochandoca_maestrequi\tests\comparative.cc(68,51): warning C4459: la declaración de 'v' oculta la declaración global
D:\Asignaturas\Algoritmos\2ALG_TA_ochandoca_maestrequi\tests\comparative.cc(68,51): warning C4459: void FillVector(std::vector<u16> v, void* dataF[]){
D:\Asignaturas\Algoritmos\2ALG_TA_ochandoca_maestrequi\tests\comparative.cc(68,51): warning C4459:                                                   ^
D:\Asignaturas\Algoritmos\2ALG_TA_ochandoca_maestrequi\tests\comparative.cc(32,18): message : vea la declaración de 'v'
D:\Asignaturas\Algoritmos\2ALG_TA_ochandoca_maestrequi\tests\comparative.cc(32,18): message : std::vector<u16> v;
D:\Asignaturas\Algoritmos\2ALG_TA_ochandoca_maestrequi\tests\comparative.cc(32,18): message :                  ^
D:\Asignaturas\Algoritmos\2ALG_TA_ochandoca_maestrequi\tests\comparative.cc(68,43): warning C4100: 'dataF': parámetro formal sin referencia
D:\Asignaturas\Algoritmos\2ALG_TA_ochandoca_maestrequi\tests\comparative.cc(68,43): warning C4100: void FillVector(std::vector<u16> v, void* dataF[]){
D:\Asignaturas\Algoritmos\2ALG_TA_ochandoca_maestrequi\tests\comparative.cc(68,43): warning C4100:                                           ^
D:\Asignaturas\Algoritmos\2ALG_TA_ochandoca_maestrequi\tests\comparative.cc(201,25): warning C4267: 'inicializando': conversión de 'size_t' a 'u16'; posible pérdida de datos
D:\Asignaturas\Algoritmos\2ALG_TA_ochandoca_maestrequi\tests\comparative.cc(201,25): warning C4267: 	u16 middle = v.size()/2;
D:\Asignaturas\Algoritmos\2ALG_TA_ochandoca_maestrequi\tests\comparative.cc(201,25): warning C4267: 	                       ^
D:\Asignaturas\Algoritmos\2ALG_TA_ochandoca_maestrequi\tests\comparative.cc(347,25): warning C4267: 'inicializando': conversión de 'size_t' a 'u16'; posible pérdida de datos
D:\Asignaturas\Algoritmos\2ALG_TA_ochandoca_maestrequi\tests\comparative.cc(347,25): warning C4267: 	u16 middle = l.size()/2;
D:\Asignaturas\Algoritmos\2ALG_TA_ochandoca_maestrequi\tests\comparative.cc(347,25): warning C4267: 	                       ^
D:\Asignaturas\Algoritmos\2ALG_TA_ochandoca_maestrequi\tests\comparative.cc(499,13): warning C4244: 'inicializando': conversión de 'int' a 'u16'; posible pérdida de datos
D:\Asignaturas\Algoritmos\2ALG_TA_ochandoca_maestrequi\tests\comparative.cc(499,13): warning C4244: 	u16 middle = std::distance(fl.begin(),fl.end()) / 2; // It must be 5000
D:\Asignaturas\Algoritmos\2ALG_TA_ochandoca_maestrequi\tests\comparative.cc(499,13): warning C4244: 	           ^
D:\Asignaturas\Algoritmos\2ALG_TA_ochandoca_maestrequi\tests\comparative.cc(462,14): warning C4189: '_': la variable local se ha inicializado pero no se hace referencia a ella
D:\Asignaturas\Algoritmos\2ALG_TA_ochandoca_maestrequi\tests\comparative.cc(462,14): warning C4189: 		for (auto& _ : fl)
D:\Asignaturas\Algoritmos\2ALG_TA_ochandoca_maestrequi\tests\comparative.cc(462,14): warning C4189: 		           ^
D:\Asignaturas\Algoritmos\2ALG_TA_ochandoca_maestrequi\tests\comparative.cc(572,12): warning C4244: 'argumento': conversión de 'time_t' a 'unsigned int'; posible pérdida de datos
D:\Asignaturas\Algoritmos\2ALG_TA_ochandoca_maestrequi\tests\comparative.cc(572,12): warning C4244: 	srand(time(NULL));
D:\Asignaturas\Algoritmos\2ALG_TA_ochandoca_maestrequi\tests\comparative.cc(572,12): warning C4244: 	          ^
D:\Asignaturas\Algoritmos\2ALG_TA_ochandoca_maestrequi\tests\comparative.cc(571,27): warning C4100: 'argv': parámetro formal sin referencia
D:\Asignaturas\Algoritmos\2ALG_TA_ochandoca_maestrequi\tests\comparative.cc(571,27): warning C4100: int main(int argc, char** argv) {
D:\Asignaturas\Algoritmos\2ALG_TA_ochandoca_maestrequi\tests\comparative.cc(571,27): warning C4100:                           ^
D:\Asignaturas\Algoritmos\2ALG_TA_ochandoca_maestrequi\tests\comparative.cc(571,14): warning C4100: 'argc': parámetro formal sin referencia
D:\Asignaturas\Algoritmos\2ALG_TA_ochandoca_maestrequi\tests\comparative.cc(571,14): warning C4100: int main(int argc, char** argv) {
D:\Asignaturas\Algoritmos\2ALG_TA_ochandoca_maestrequi\tests\comparative.cc(571,14): warning C4100:              ^
  PR12_Comparative_STD.vcxproj -> D:\Asignaturas\Algoritmos\2ALG_TA_ochandoca_maestrequi\bin\Debug\x32\PR12_Comparative_STD_d.exe
